<html>
<head>
<title>TestNG:  Test</title>
<link href="../testng.css" rel="stylesheet" type="text/css" />
<link href="../my-testng.css" rel="stylesheet" type="text/css" />

<style type="text/css">
.log { display: none;} 
.stack-trace { display: none;} 
</style>
<script type="text/javascript">
<!--
function flip(e) {
  current = e.style.display;
  if (current == 'block') {
    e.style.display = 'none';
    return 0;
  }
  else {
    e.style.display = 'block';
    return 1;
  }
}

function toggleBox(szDivId, elem, msg1, msg2)
{
  var res = -1;  if (document.getElementById) {
    res = flip(document.getElementById(szDivId));
  }
  else if (document.all) {
    // this is the way old msie versions work
    res = flip(document.all[szDivId]);
  }
  if(elem) {
    if(res == 0) elem.innerHTML = msg1; else elem.innerHTML = msg2;
  }

}

function toggleAllBoxes() {
  if (document.getElementsByTagName) {
    d = document.getElementsByTagName('div');
    for (i = 0; i < d.length; i++) {
      if (d[i].className == 'log') {
        flip(d[i]);
      }
    }
  }
}

// -->
</script>

</head>
<body>
<h2 align='center'>Test</h2><table border='1' align="center">
<tr>
<td>Tests passed/Failed/Skipped:</td><td>13/1/0</td>
</tr><tr>
<td>Started on:</td><td>Sat Sep 10 16:41:47 IST 2022</td>
</tr>
<tr><td>Total time:</td><td>82 seconds (82389 ms)</td>
</tr><tr>
<td>Included groups:</td><td></td>
</tr><tr>
<td>Excluded groups:</td><td></td>
</tr>
</table><p/>
<small><i>(Hover the method name to see the test class name)</i></small><p/>
<table width='100%' border='1' class='invocation-failed'>
<tr><td colspan='4' align='center'><b>FAILED TESTS</b></td></tr>
<tr><td><b>Test method</b></td>
<td width="30%"><b>Exception</b></td>
<td width="10%"><b>Time (seconds)</b></td>
<td><b>Instance</b></td>
</tr>
<tr>
<td title='runner.JRunnerTest.runScenario()'><b>runScenario</b><br>Test class: runner.JRunnerTest<br>Test method: Runs Cucumber Scenarios<br>Parameters: "Add the attachment", "Scenarios for open MRS application"</td>
<td><div><pre>org.openqa.selenium.TimeoutException: Expected condition failed: waiting for element found by By.cssSelector: textarea[placeholder=&apos;Enter a note&apos;] to be selected (tried for 5 second(s) with 500 milliseconds interval)
Build info: version: &apos;4.4.0&apos;, revision: &apos;e5c75ed026a&apos;
System info: host: &apos;DVCINH6099148&apos;, ip: &apos;192.168.208.1&apos;, os.name: &apos;Windows 10&apos;, os.arch: &apos;amd64&apos;, os.version: &apos;10.0&apos;, java.version: &apos;1.8.0_301&apos;
Driver info: org.openqa.selenium.chrome.ChromeDriver
Capabilities {acceptInsecureCerts: false, browserName: chrome, browserVersion: 105.0.5195.102, chrome: {chromedriverVersion: 105.0.5195.52 (412c95e51883..., userDataDir: C:\Users\soumyb\AppData\Loc...}, goog:chromeOptions: {debuggerAddress: localhost:2767}, networkConnectionEnabled: false, pageLoadStrategy: normal, platformName: WINDOWS, proxy: Proxy(), se:cdp: ws://localhost:2767/devtool..., se:cdpVersion: 105.0.5195.102, setWindowRect: true, strictFileInteractability: false, timeouts: {implicit: 0, pageLoad: 300000, script: 30000}, unhandledPromptBehavior: dismiss and notify, webauthn:extension:credBlob: true, webauthn:extension:largeBlob: true, webauthn:virtualAuthenticators: true}
Session ID: 92a4fc83e0a03d2decad2a2b2c49718b
	at org.openqa.selenium.support.ui.WebDriverWait.timeoutException(WebDriverWait.java:87)
	at org.openqa.selenium.support.ui.FluentWait.until(FluentWait.java:231)
	at stepDef.openMrsStep.i_type_for_the_attachment(openMrsStep.java:413)
	at ?.I type for the attachment(classpath:Feature//openMRS.feature:107)
</pre></div><a href='#' onClick='toggleBox("stack-trace1672736386", this, "Click to show all stack frames", "Click to hide stack frames")'>Click to show all stack frames</a>
<div class='stack-trace' id='stack-trace1672736386'><pre>org.openqa.selenium.TimeoutException: Expected condition failed: waiting for element found by By.cssSelector: textarea[placeholder=&apos;Enter a note&apos;] to be selected (tried for 5 second(s) with 500 milliseconds interval)
Build info: version: &apos;4.4.0&apos;, revision: &apos;e5c75ed026a&apos;
System info: host: &apos;DVCINH6099148&apos;, ip: &apos;192.168.208.1&apos;, os.name: &apos;Windows 10&apos;, os.arch: &apos;amd64&apos;, os.version: &apos;10.0&apos;, java.version: &apos;1.8.0_301&apos;
Driver info: org.openqa.selenium.chrome.ChromeDriver
Capabilities {acceptInsecureCerts: false, browserName: chrome, browserVersion: 105.0.5195.102, chrome: {chromedriverVersion: 105.0.5195.52 (412c95e51883..., userDataDir: C:\Users\soumyb\AppData\Loc...}, goog:chromeOptions: {debuggerAddress: localhost:2767}, networkConnectionEnabled: false, pageLoadStrategy: normal, platformName: WINDOWS, proxy: Proxy(), se:cdp: ws://localhost:2767/devtool..., se:cdpVersion: 105.0.5195.102, setWindowRect: true, strictFileInteractability: false, timeouts: {implicit: 0, pageLoad: 300000, script: 30000}, unhandledPromptBehavior: dismiss and notify, webauthn:extension:credBlob: true, webauthn:extension:largeBlob: true, webauthn:virtualAuthenticators: true}
Session ID: 92a4fc83e0a03d2decad2a2b2c49718b
	at org.openqa.selenium.support.ui.WebDriverWait.timeoutException(WebDriverWait.java:87)
	at org.openqa.selenium.support.ui.FluentWait.until(FluentWait.java:231)
	at stepDef.openMrsStep.i_type_for_the_attachment(openMrsStep.java:413)
	at ?.I type for the attachment(classpath:Feature//openMRS.feature:107)
</pre></div></td>
<td>5</td>
<td>runner.JRunnerTest@687080dc</td></tr>
</table><p>
<table width='100%' border='1' class='invocation-passed'>
<tr><td colspan='4' align='center'><b>PASSED TESTS</b></td></tr>
<tr><td><b>Test method</b></td>
<td width="30%"><b>Exception</b></td>
<td width="10%"><b>Time (seconds)</b></td>
<td><b>Instance</b></td>
</tr>
<tr>
<td title='runner.JRunnerTest.runScenario()'><b>runScenario</b><br>Test class: runner.JRunnerTest<br>Test method: Runs Cucumber Scenarios<br>Parameters: "Provide address of the patient", "Scenarios for open MRS application"</td>
<td></td>
<td>1</td>
<td>runner.JRunnerTest@687080dc</td></tr>
<tr>
<td title='runner.JRunnerTest.runScenario()'><b>runScenario</b><br>Test class: runner.JRunnerTest<br>Test method: Runs Cucumber Scenarios<br>Parameters: "Provide Birthdate of the Patient", "Scenarios for open MRS application"</td>
<td></td>
<td>0</td>
<td>runner.JRunnerTest@687080dc</td></tr>
<tr>
<td title='runner.JRunnerTest.runScenario()'><b>runScenario</b><br>Test class: runner.JRunnerTest<br>Test method: Runs Cucumber Scenarios<br>Parameters: "Provide Phone number of the patient", "Scenarios for open MRS application"</td>
<td></td>
<td>0</td>
<td>runner.JRunnerTest@687080dc</td></tr>
<tr>
<td title='runner.JRunnerTest.runScenario()'><b>runScenario</b><br>Test class: runner.JRunnerTest<br>Test method: Runs Cucumber Scenarios<br>Parameters: "Provide Demographics of the patient", "Scenarios for open MRS application"</td>
<td></td>
<td>0</td>
<td>runner.JRunnerTest@687080dc</td></tr>
<tr>
<td title='runner.JRunnerTest.runScenario()'><b>runScenario</b><br>Test class: runner.JRunnerTest<br>Test method: Runs Cucumber Scenarios<br>Parameters: "Provide Gender of the Patient", "Scenarios for open MRS application"</td>
<td></td>
<td>0</td>
<td>runner.JRunnerTest@687080dc</td></tr>
<tr>
<td title='runner.JRunnerTest.runScenario()'><b>runScenario</b><br>Test class: runner.JRunnerTest<br>Test method: Runs Cucumber Scenarios<br>Parameters: "View Patient", "Scenarios for open MRS application"</td>
<td></td>
<td>3</td>
<td>runner.JRunnerTest@687080dc</td></tr>
<tr>
<td title='runner.JRunnerTest.runScenario()'><b>runScenario</b><br>Test class: runner.JRunnerTest<br>Test method: Runs Cucumber Scenarios<br>Parameters: "Delete a Patient", "Scenarios for open MRS application"</td>
<td></td>
<td>7</td>
<td>runner.JRunnerTest@687080dc</td></tr>
<tr>
<td title='runner.JRunnerTest.runScenario()'><b>runScenario</b><br>Test class: runner.JRunnerTest<br>Test method: Runs Cucumber Scenarios<br>Parameters: "Add an attachment to the patient", "Scenarios for open MRS application"</td>
<td></td>
<td>3</td>
<td>runner.JRunnerTest@687080dc</td></tr>
<tr>
<td title='runner.JRunnerTest.runScenario()'><b>runScenario</b><br>Test class: runner.JRunnerTest<br>Test method: Runs Cucumber Scenarios<br>Parameters: "Logout of the application", "Scenarios for open MRS application"</td>
<td></td>
<td>1</td>
<td>runner.JRunnerTest@687080dc</td></tr>
<tr>
<td title='runner.JRunnerTest.runScenario()'><b>runScenario</b><br>Test class: runner.JRunnerTest<br>Test method: Runs Cucumber Scenarios<br>Parameters: "Find Patient", "Scenarios for open MRS application"</td>
<td></td>
<td>3</td>
<td>runner.JRunnerTest@687080dc</td></tr>
<tr>
<td title='runner.JRunnerTest.runScenario()'><b>runScenario</b><br>Test class: runner.JRunnerTest<br>Test method: Runs Cucumber Scenarios<br>Parameters: "Login to Application", "Scenarios for open MRS application"</td>
<td></td>
<td>4</td>
<td>runner.JRunnerTest@687080dc</td></tr>
<tr>
<td title='runner.JRunnerTest.runScenario()'><b>runScenario</b><br>Test class: runner.JRunnerTest<br>Test method: Runs Cucumber Scenarios<br>Parameters: "Register Patient", "Scenarios for open MRS application"</td>
<td></td>
<td>6</td>
<td>runner.JRunnerTest@687080dc</td></tr>
<tr>
<td title='runner.JRunnerTest.runScenario()'><b>runScenario</b><br>Test class: runner.JRunnerTest<br>Test method: Runs Cucumber Scenarios<br>Parameters: "Provide Relatives info", "Scenarios for open MRS application"</td>
<td></td>
<td>10</td>
<td>runner.JRunnerTest@687080dc</td></tr>
</table><p>
</body>
</html>