<?xml version="1.0" encoding="UTF-8"?>
<!-- Generated by org.testng.reporters.JUnitReportReporter -->
<testsuite skipped="0" hostname="DVCINH6099148" name="runner.JRunnerTest" tests="14" failures="0" timestamp="2022-09-10T16:43:09 IST" time="50.388" errors="1">
  <testcase name="runScenario" time="1.122" classname="runner.JRunnerTest"/>
  <system-out/>
  <testcase name="runScenario" time="0.903" classname="runner.JRunnerTest"/>
  <system-out/>
  <testcase name="runScenario" time="0.315" classname="runner.JRunnerTest"/>
  <system-out/>
  <testcase name="runScenario" time="0.692" classname="runner.JRunnerTest"/>
  <system-out/>
  <testcase name="runScenario" time="0.319" classname="runner.JRunnerTest"/>
  <system-out/>
  <testcase name="runScenario" time="5.841" classname="runner.JRunnerTest">
    <error type="org.openqa.selenium.TimeoutException" message="Expected condition failed: waiting for element found by By.cssSelector: textarea[placeholder=&#039;Enter a note&#039;] to be selected (tried for 5 second(s) with 500 milliseconds interval)
Build info: version: &#039;4.4.0&#039;, revision: &#039;e5c75ed026a&#039;
System info: host: &#039;DVCINH6099148&#039;, ip: &#039;192.168.208.1&#039;, os.name: &#039;Windows 10&#039;, os.arch: &#039;amd64&#039;, os.version: &#039;10.0&#039;, java.version: &#039;1.8.0_301&#039;
Driver info: org.openqa.selenium.chrome.ChromeDriver
Capabilities {acceptInsecureCerts: false, browserName: chrome, browserVersion: 105.0.5195.102, chrome: {chromedriverVersion: 105.0.5195.52 (412c95e51883..., userDataDir: C:\Users\soumyb\AppData\Loc...}, goog:chromeOptions: {debuggerAddress: localhost:2767}, networkConnectionEnabled: false, pageLoadStrategy: normal, platformName: WINDOWS, proxy: Proxy(), se:cdp: ws://localhost:2767/devtool..., se:cdpVersion: 105.0.5195.102, setWindowRect: true, strictFileInteractability: false, timeouts: {implicit: 0, pageLoad: 300000, script: 30000}, unhandledPromptBehavior: dismiss and notify, webauthn:extension:credBlob: true, webauthn:extension:largeBlob: true, webauthn:virtualAuthenticators: true}
Session ID: 92a4fc83e0a03d2decad2a2b2c49718b">
      <![CDATA[org.openqa.selenium.TimeoutException: Expected condition failed: waiting for element found by By.cssSelector: textarea[placeholder='Enter a note'] to be selected (tried for 5 second(s) with 500 milliseconds interval)
Build info: version: '4.4.0', revision: 'e5c75ed026a'
System info: host: 'DVCINH6099148', ip: '192.168.208.1', os.name: 'Windows 10', os.arch: 'amd64', os.version: '10.0', java.version: '1.8.0_301'
Driver info: org.openqa.selenium.chrome.ChromeDriver
Capabilities {acceptInsecureCerts: false, browserName: chrome, browserVersion: 105.0.5195.102, chrome: {chromedriverVersion: 105.0.5195.52 (412c95e51883..., userDataDir: C:\Users\soumyb\AppData\Loc...}, goog:chromeOptions: {debuggerAddress: localhost:2767}, networkConnectionEnabled: false, pageLoadStrategy: normal, platformName: WINDOWS, proxy: Proxy(), se:cdp: ws://localhost:2767/devtool..., se:cdpVersion: 105.0.5195.102, setWindowRect: true, strictFileInteractability: false, timeouts: {implicit: 0, pageLoad: 300000, script: 30000}, unhandledPromptBehavior: dismiss and notify, webauthn:extension:credBlob: true, webauthn:extension:largeBlob: true, webauthn:virtualAuthenticators: true}
Session ID: 92a4fc83e0a03d2decad2a2b2c49718b
at org.openqa.selenium.support.ui.WebDriverWait.timeoutException(WebDriverWait.java:87)
at org.openqa.selenium.support.ui.FluentWait.until(FluentWait.java:231)
at stepDef.openMrsStep.i_type_for_the_attachment(openMrsStep.java:413)
at âœ½.I type for the attachment(classpath:Feature//openMRS.feature:107)
]]>
    </error>
  </testcase> <!-- runScenario -->
  <system-out/>
  <testcase name="runScenario" time="3.367" classname="runner.JRunnerTest"/>
  <system-out/>
  <testcase name="runScenario" time="7.618" classname="runner.JRunnerTest"/>
  <system-out/>
  <testcase name="runScenario" time="3.182" classname="runner.JRunnerTest"/>
  <system-out/>
  <testcase name="runScenario" time="1.525" classname="runner.JRunnerTest"/>
  <system-out/>
  <testcase name="runScenario" time="3.603" classname="runner.JRunnerTest"/>
  <system-out/>
  <testcase name="runScenario" time="4.742" classname="runner.JRunnerTest"/>
  <system-out/>
  <testcase name="runScenario" time="6.315" classname="runner.JRunnerTest"/>
  <system-out/>
  <testcase name="runScenario" time="10.844" classname="runner.JRunnerTest"/>
  <system-out/>
</testsuite> <!-- runner.JRunnerTest -->
